<?xml version="1.0" encoding="UTF-8"?>
<robot generator="Robot 6.1.1 (Python 3.11.5 on win32)" generated="20230912 16:24:48.322" rpa="false" schemaversion="4">
<suite id="s1" name="Test" source="c:\Users\quyenhoang03\Desktop\demo\test.robot">
<test id="s1-t1" name="Normal Login 1" line="5">
<kw name="Open Browser" library="SeleniumLibrary">
<arg>https://demoqa.com/login</arg>
<arg>Chrome</arg>
<doc>Opens a new browser instance to the optional ``url``.</doc>
<msg timestamp="20230912 16:24:48.731" level="INFO">Opening browser 'Chrome' to base url 'https://demoqa.com/login'.</msg>
<status status="PASS" starttime="20230912 16:24:48.731" endtime="20230912 16:25:07.142"/>
</kw>
<kw name="Maximize Browser Window" library="SeleniumLibrary">
<doc>Maximizes current browser window.</doc>
<status status="PASS" starttime="20230912 16:25:07.142" endtime="20230912 16:25:07.267"/>
</kw>
<kw name="Input Text" library="SeleniumLibrary">
<arg>//*[@id="userName"]</arg>
<arg>quyenhoang03</arg>
<doc>Types the given ``text`` into the text field identified by ``locator``.</doc>
<msg timestamp="20230912 16:25:07.275" level="INFO">Typing text 'quyenhoang03' into text field '//*[@id="userName"]'.</msg>
<status status="PASS" starttime="20230912 16:25:07.267" endtime="20230912 16:25:07.505"/>
</kw>
<kw name="Input Text" library="SeleniumLibrary">
<arg>//*[@id="password"]</arg>
<arg>Testing@123</arg>
<doc>Types the given ``text`` into the text field identified by ``locator``.</doc>
<msg timestamp="20230912 16:25:07.505" level="INFO">Typing text 'Testing@123' into text field '//*[@id="password"]'.</msg>
<status status="PASS" starttime="20230912 16:25:07.505" endtime="20230912 16:25:07.646"/>
</kw>
<kw name="Click Element" library="SeleniumLibrary">
<arg>//*[@id="login"]</arg>
<doc>Click the element identified by ``locator``.</doc>
<msg timestamp="20230912 16:25:07.647" level="INFO">Clicking element '//*[@id="login"]'.</msg>
<status status="PASS" starttime="20230912 16:25:07.647" endtime="20230912 16:25:07.760"/>
</kw>
<kw name="Sleep" library="BuiltIn">
<arg>5</arg>
<doc>Pauses the test executed for the given time.</doc>
<msg timestamp="20230912 16:25:12.761" level="INFO">Slept 5 seconds</msg>
<status status="PASS" starttime="20230912 16:25:07.760" endtime="20230912 16:25:12.761"/>
</kw>
<kw name="Location Should Be" library="SeleniumLibrary">
<arg>https://demoqa.com/profile</arg>
<doc>Verifies that the current URL is exactly ``url``.</doc>
<msg timestamp="20230912 16:25:12.761" level="INFO">Current location is 'https://demoqa.com/profile'.</msg>
<status status="PASS" starttime="20230912 16:25:12.761" endtime="20230912 16:25:12.761"/>
</kw>
<status status="PASS" starttime="20230912 16:24:48.731" endtime="20230912 16:25:12.761"/>
</test>
<status status="PASS" starttime="20230912 16:24:48.328" endtime="20230912 16:25:12.776"/>
</suite>
<statistics>
<total>
<stat pass="1" fail="0" skip="0">All Tests</stat>
</total>
<tag>
</tag>
<suite>
<stat pass="1" fail="0" skip="0" id="s1" name="Test">Test</stat>
</suite>
</statistics>
<errors>
</errors>
</robot>
